{"name": "test_broken", "status": "broken", "statusDetails": {"message": "Exception: oops", "trace": "def test_broken():\n>       raise Exception('oops')\nE       Exception: oops\n\ntest_alluredemo.py:19: Exception"}, "start": 1635593083389, "stop": 1635593083390, "uuid": "1a6587e2-7b0e-4c32-a495-54c5fd7a5fe8", "historyId": "fb799eecaee64eb20ac70a0047ddd7ff", "testCaseId": "54327feac6bee8ccd45a88d670bf2886", "fullName": "test_alluredemo#test_broken", "labels": [{"name": "suite", "value": "test_alluredemo"}, {"name": "host", "value": "caiyingyingdeMacBook-Pro.local"}, {"name": "thread", "value": "31055-MainThread"}, {"name": "framework", "value": "pytest"}, {"name": "language", "value": "cpython3"}, {"name": "package", "value": "test_alluredemo"}]}