{
  "uid" : "3a2ee7f34c3fe1fd",
  "name" : "test_failure",
  "fullName" : "test_alluredemo#test_failure",
  "historyId" : "e3535563f27e644c4a3371e45c952575",
  "time" : {
    "start" : 1635593083322,
    "stop" : 1635593083322,
    "duration" : 0
  },
  "description" : "this test fails",
  "descriptionHtml" : "<p>this test fails</p>\n",
  "status" : "failed",
  "statusMessage" : "AssertionError: assert False",
  "statusTrace" : "def test_failure():\n        \"\"\"this test fails\"\"\"\n>       assert False\nE       assert False\n\ntest_alluredemo.py:10: AssertionError",
  "flaky" : false,
  "newFailed" : false,
  "beforeStages" : [ ],
  "afterStages" : [ ],
  "labels" : [ {
    "name" : "suite",
    "value" : "test_alluredemo"
  }, {
    "name" : "host",
    "value" : "caiyingyingdeMacBook-Pro.local"
  }, {
    "name" : "thread",
    "value" : "31055-MainThread"
  }, {
    "name" : "framework",
    "value" : "pytest"
  }, {
    "name" : "language",
    "value" : "cpython3"
  }, {
    "name" : "package",
    "value" : "test_alluredemo"
  }, {
    "name" : "resultFormat",
    "value" : "allure2"
  } ],
  "parameters" : [ ],
  "links" : [ ],
  "hidden" : false,
  "retry" : false,
  "extra" : {
    "severity" : "normal",
    "retries" : [ ],
    "categories" : [ {
      "name" : "Product defects",
      "matchedStatuses" : [ ],
      "flaky" : false
    } ],
    "tags" : [ ]
  },
  "source" : "3a2ee7f34c3fe1fd.json",
  "parameterValues" : [ ]
}